have_library: checking for BIO_read() in -lcrypto... -------------------- yes

"clang -fdeclspec -o conftest -I/Users/Muhammad/.rbenv/versions/3.0.1/include/ruby-3.0.0/x86_64-darwin21 -I/Users/Muhammad/.rbenv/versions/3.0.1/include/ruby-3.0.0/ruby/backward -I/Users/Muhammad/.rbenv/versions/3.0.1/include/ruby-3.0.0 -I. -I/Users/Muhammad/.rbenv/versions/3.0.1/openssl/include -I/Users/Muhammad/.rbenv/versions/3.0.1/include  -D_XOPEN_SOURCE -D_DARWIN_C_SOURCE -D_DARWIN_UNLIMITED_SELECT -D_REENTRANT   -Wno-error=implicit-function-declaration conftest.c  -L. -L/Users/Muhammad/.rbenv/versions/3.0.1/lib -L/Users/Muhammad/.rbenv/versions/3.0.1/openssl/lib -L. -L/Users/Muhammad/.rbenv/versions/3.0.1/lib  -fstack-protector-strong -L/usr/local/lib     -lruby.3.0   "
checked program was:
/* begin */
1: #include "ruby.h"
2: 
3: int main(int argc, char **argv)
4: {
5:   return !!argv[argc];
6: }
/* end */

"clang -fdeclspec -o conftest -I/Users/Muhammad/.rbenv/versions/3.0.1/include/ruby-3.0.0/x86_64-darwin21 -I/Users/Muhammad/.rbenv/versions/3.0.1/include/ruby-3.0.0/ruby/backward -I/Users/Muhammad/.rbenv/versions/3.0.1/include/ruby-3.0.0 -I. -I/Users/Muhammad/.rbenv/versions/3.0.1/openssl/include -I/Users/Muhammad/.rbenv/versions/3.0.1/include  -D_XOPEN_SOURCE -D_DARWIN_C_SOURCE -D_DARWIN_UNLIMITED_SELECT -D_REENTRANT   -Wno-error=implicit-function-declaration conftest.c  -L. -L/Users/Muhammad/.rbenv/versions/3.0.1/lib -L/Users/Muhammad/.rbenv/versions/3.0.1/openssl/lib -L. -L/Users/Muhammad/.rbenv/versions/3.0.1/lib  -fstack-protector-strong -L/usr/local/lib     -lruby.3.0 -lcrypto   "
conftest.c:14:57: error: use of undeclared identifier 'BIO_read'
int t(void) { void ((*volatile p)()); p = (void ((*)()))BIO_read; return !p; }
                                                        ^
1 error generated.
checked program was:
/* begin */
 1: #include "ruby.h"
 2: 
 3: /*top*/
 4: extern int t(void);
 5: int main(int argc, char **argv)
 6: {
 7:   if (argc > 1000000) {
 8:     int (* volatile tp)(void)=(int (*)(void))&t;
 9:     printf("%d", (*tp)());
10:   }
11: 
12:   return !!argv[argc];
13: }
14: int t(void) { void ((*volatile p)()); p = (void ((*)()))BIO_read; return !p; }
/* end */

"clang -fdeclspec -o conftest -I/Users/Muhammad/.rbenv/versions/3.0.1/include/ruby-3.0.0/x86_64-darwin21 -I/Users/Muhammad/.rbenv/versions/3.0.1/include/ruby-3.0.0/ruby/backward -I/Users/Muhammad/.rbenv/versions/3.0.1/include/ruby-3.0.0 -I. -I/Users/Muhammad/.rbenv/versions/3.0.1/openssl/include -I/Users/Muhammad/.rbenv/versions/3.0.1/include  -D_XOPEN_SOURCE -D_DARWIN_C_SOURCE -D_DARWIN_UNLIMITED_SELECT -D_REENTRANT   -Wno-error=implicit-function-declaration conftest.c  -L. -L/Users/Muhammad/.rbenv/versions/3.0.1/lib -L/Users/Muhammad/.rbenv/versions/3.0.1/openssl/lib -L. -L/Users/Muhammad/.rbenv/versions/3.0.1/lib  -fstack-protector-strong -L/usr/local/lib     -lruby.3.0 -lcrypto   "
checked program was:
/* begin */
 1: #include "ruby.h"
 2: 
 3: /*top*/
 4: extern int t(void);
 5: int main(int argc, char **argv)
 6: {
 7:   if (argc > 1000000) {
 8:     int (* volatile tp)(void)=(int (*)(void))&t;
 9:     printf("%d", (*tp)());
10:   }
11: 
12:   return !!argv[argc];
13: }
14: extern void BIO_read();
15: int t(void) { BIO_read(); return 0; }
/* end */

--------------------

have_library: checking for SSL_CTX_new() in -lssl... -------------------- yes

"clang -fdeclspec -o conftest -I/Users/Muhammad/.rbenv/versions/3.0.1/include/ruby-3.0.0/x86_64-darwin21 -I/Users/Muhammad/.rbenv/versions/3.0.1/include/ruby-3.0.0/ruby/backward -I/Users/Muhammad/.rbenv/versions/3.0.1/include/ruby-3.0.0 -I. -I/Users/Muhammad/.rbenv/versions/3.0.1/openssl/include -I/Users/Muhammad/.rbenv/versions/3.0.1/include  -D_XOPEN_SOURCE -D_DARWIN_C_SOURCE -D_DARWIN_UNLIMITED_SELECT -D_REENTRANT   -Wno-error=implicit-function-declaration conftest.c  -L. -L/Users/Muhammad/.rbenv/versions/3.0.1/lib -L/Users/Muhammad/.rbenv/versions/3.0.1/openssl/lib -L. -L/Users/Muhammad/.rbenv/versions/3.0.1/lib  -fstack-protector-strong -L/usr/local/lib    -lcrypto  -lruby.3.0 -lssl -lcrypto   "
conftest.c:14:57: error: use of undeclared identifier 'SSL_CTX_new'
int t(void) { void ((*volatile p)()); p = (void ((*)()))SSL_CTX_new; return !p; }
                                                        ^
1 error generated.
checked program was:
/* begin */
 1: #include "ruby.h"
 2: 
 3: /*top*/
 4: extern int t(void);
 5: int main(int argc, char **argv)
 6: {
 7:   if (argc > 1000000) {
 8:     int (* volatile tp)(void)=(int (*)(void))&t;
 9:     printf("%d", (*tp)());
10:   }
11: 
12:   return !!argv[argc];
13: }
14: int t(void) { void ((*volatile p)()); p = (void ((*)()))SSL_CTX_new; return !p; }
/* end */

"clang -fdeclspec -o conftest -I/Users/Muhammad/.rbenv/versions/3.0.1/include/ruby-3.0.0/x86_64-darwin21 -I/Users/Muhammad/.rbenv/versions/3.0.1/include/ruby-3.0.0/ruby/backward -I/Users/Muhammad/.rbenv/versions/3.0.1/include/ruby-3.0.0 -I. -I/Users/Muhammad/.rbenv/versions/3.0.1/openssl/include -I/Users/Muhammad/.rbenv/versions/3.0.1/include  -D_XOPEN_SOURCE -D_DARWIN_C_SOURCE -D_DARWIN_UNLIMITED_SELECT -D_REENTRANT   -Wno-error=implicit-function-declaration conftest.c  -L. -L/Users/Muhammad/.rbenv/versions/3.0.1/lib -L/Users/Muhammad/.rbenv/versions/3.0.1/openssl/lib -L. -L/Users/Muhammad/.rbenv/versions/3.0.1/lib  -fstack-protector-strong -L/usr/local/lib    -lcrypto  -lruby.3.0 -lssl -lcrypto   "
checked program was:
/* begin */
 1: #include "ruby.h"
 2: 
 3: /*top*/
 4: extern int t(void);
 5: int main(int argc, char **argv)
 6: {
 7:   if (argc > 1000000) {
 8:     int (* volatile tp)(void)=(int (*)(void))&t;
 9:     printf("%d", (*tp)());
10:   }
11: 
12:   return !!argv[argc];
13: }
14: extern void SSL_CTX_new();
15: int t(void) { SSL_CTX_new(); return 0; }
/* end */

--------------------

have_header: checking for openssl/bio.h... -------------------- yes

"clang -E -I/Users/Muhammad/.rbenv/versions/3.0.1/include/ruby-3.0.0/x86_64-darwin21 -I/Users/Muhammad/.rbenv/versions/3.0.1/include/ruby-3.0.0/ruby/backward -I/Users/Muhammad/.rbenv/versions/3.0.1/include/ruby-3.0.0 -I. -I/Users/Muhammad/.rbenv/versions/3.0.1/openssl/include -I/Users/Muhammad/.rbenv/versions/3.0.1/include  -D_XOPEN_SOURCE -D_DARWIN_C_SOURCE -D_DARWIN_UNLIMITED_SELECT -D_REENTRANT   -Wno-error=implicit-function-declaration  conftest.c -o conftest.i"
checked program was:
/* begin */
1: #include "ruby.h"
2: 
3: #include <openssl/bio.h>
/* end */

--------------------

